[2025-05-15T13:29:10.495Z] INFO: Conectat a MongoDB
[2025-05-15T13:29:10.497Z] INFO: Servidor WebSocket escoltant al port 8080
[2025-05-15T13:29:19.187Z] INFO: Nou client connectat
[2025-05-15T13:29:23.076Z] INFO: Missatge rebut: {"x":0,"y":1}
[2025-05-15T13:29:23.077Z] INFO: Nova partida iniciada amb ID: 1747315763077
[2025-05-15T13:29:23.201Z] INFO: Moviment guardat per la partida 1747315763077
[2025-05-15T13:29:24.516Z] INFO: Missatge rebut: {"x":0,"y":2}
[2025-05-15T13:29:24.518Z] INFO: Moviment guardat per la partida 1747315763077
[2025-05-15T13:29:35.289Z] INFO: Partida 1747315763077 finalitzada per inactivitat
[2025-05-15T13:32:14.270Z] INFO: Nou client connectat
[2025-05-15T13:32:16.273Z] INFO: Missatge rebut: {"x":0,"y":1}
[2025-05-15T13:32:16.273Z] INFO: Nova partida iniciada amb ID: 1747315936273
[2025-05-15T13:32:16.275Z] INFO: Moviment guardat per la partida 1747315936273
[2025-05-15T13:32:17.585Z] INFO: Missatge rebut: {"x":0,"y":2}
[2025-05-15T13:32:17.586Z] INFO: Moviment guardat per la partida 1747315936273
[2025-05-15T13:32:18.600Z] INFO: Missatge rebut: {"x":0,"y":3}
[2025-05-15T13:32:18.601Z] INFO: Moviment guardat per la partida 1747315936273
[2025-05-15T13:32:19.488Z] INFO: Missatge rebut: {"x":-1,"y":3}
[2025-05-15T13:32:19.490Z] INFO: Moviment guardat per la partida 1747315936273
[2025-05-15T13:32:21.960Z] INFO: Missatge rebut: {"x":0,"y":3}
[2025-05-15T13:32:21.962Z] INFO: Moviment guardat per la partida 1747315936273
[2025-05-15T13:32:22.825Z] INFO: Missatge rebut: {"x":1,"y":3}
[2025-05-15T13:32:22.826Z] INFO: Moviment guardat per la partida 1747315936273
[2025-05-15T13:32:23.465Z] INFO: Missatge rebut: {"x":1,"y":2}
[2025-05-15T13:32:23.466Z] INFO: Moviment guardat per la partida 1747315936273
[2025-05-15T13:32:24.066Z] INFO: Missatge rebut: {"x":1,"y":1}
[2025-05-15T13:32:24.068Z] INFO: Moviment guardat per la partida 1747315936273
[2025-05-15T13:32:24.514Z] INFO: Missatge rebut: {"x":1,"y":2}
[2025-05-15T13:32:24.515Z] INFO: Moviment guardat per la partida 1747315936273
[2025-05-15T13:32:25.169Z] INFO: Missatge rebut: {"x":0,"y":2}
[2025-05-15T13:32:25.171Z] INFO: Moviment guardat per la partida 1747315936273
[2025-05-15T13:32:25.625Z] INFO: Missatge rebut: {"x":0,"y":1}
[2025-05-15T13:32:25.626Z] INFO: Moviment guardat per la partida 1747315936273
[2025-05-15T13:32:25.865Z] INFO: Missatge rebut: {"x":1,"y":1}
[2025-05-15T13:32:25.866Z] INFO: Moviment guardat per la partida 1747315936273
[2025-05-15T13:32:27.770Z] INFO: Missatge rebut: {"x":1,"y":2}
[2025-05-15T13:32:27.771Z] INFO: Moviment guardat per la partida 1747315936273
[2025-05-15T13:32:28.161Z] INFO: Missatge rebut: {"x":2,"y":2}
[2025-05-15T13:32:28.162Z] INFO: Moviment guardat per la partida 1747315936273
[2025-05-15T13:32:38.446Z] INFO: Partida 1747315936273 finalitzada per inactivitat
[2025-05-15T13:33:17.837Z] INFO: Nou client connectat
[2025-05-15T13:33:21.599Z] INFO: Missatge rebut: {"x":-1,"y":0}
[2025-05-15T13:33:21.599Z] INFO: Nova partida iniciada amb ID: 1747316001599
[2025-05-15T13:33:21.600Z] INFO: Missatge rebut: {"x":-1,"y":-1}
[2025-05-15T13:33:21.601Z] INFO: Moviment guardat per la partida 1747316001599
[2025-05-15T13:33:21.604Z] INFO: Moviment guardat per la partida 1747316001599
[2025-05-15T13:33:31.947Z] INFO: Partida 1747316001599 finalitzada per inactivitat
[2025-05-15T13:34:17.277Z] INFO: Nou client connectat
[2025-05-15T13:34:18.977Z] INFO: Missatge rebut: {"x":-1,"y":0}
[2025-05-15T13:34:18.977Z] INFO: Nova partida iniciada amb ID: 1747316058977
[2025-05-15T13:34:18.978Z] INFO: Moviment guardat per la partida 1747316058977
[2025-05-15T13:34:29.364Z] INFO: Partida 1747316058977 finalitzada per inactivitat
[2025-05-15T13:34:48.767Z] INFO: Missatge rebut: {"x":-1,"y":1}
[2025-05-15T13:34:48.767Z] INFO: Nova partida iniciada amb ID: 1747316088767
[2025-05-15T13:34:48.769Z] INFO: Moviment guardat per la partida 1747316088767
[2025-05-15T13:35:39.173Z] INFO: Missatge rebut: {"x":-1,"y":2}
[2025-05-15T13:35:39.174Z] INFO: Moviment guardat per la partida 1747316088767
[2025-05-15T13:35:39.277Z] INFO: Missatge rebut: {"x":-1,"y":3}
[2025-05-15T13:35:39.278Z] INFO: Moviment guardat per la partida 1747316088767
[2025-05-15T13:37:05.434Z] INFO: Nou client connectat
[2025-05-15T13:37:07.390Z] INFO: Missatge rebut: {"x":-1,"y":0}
[2025-05-15T13:37:07.390Z] INFO: Nova partida iniciada amb ID: 1747316227390
[2025-05-15T13:37:07.392Z] INFO: Moviment guardat per la partida 1747316227390
[2025-05-15T13:37:07.780Z] INFO: Missatge rebut: {"x":-1,"y":1}
[2025-05-15T13:37:07.781Z] INFO: Moviment guardat per la partida 1747316227390
[2025-05-15T13:37:07.989Z] INFO: Missatge rebut: {"x":-1,"y":2}
[2025-05-15T13:37:07.990Z] INFO: Moviment guardat per la partida 1747316227390
[2025-05-15T13:37:08.158Z] INFO: Missatge rebut: {"x":-1,"y":3}
[2025-05-15T13:37:08.159Z] INFO: Moviment guardat per la partida 1747316227390
[2025-05-15T13:37:08.333Z] INFO: Missatge rebut: {"x":-1,"y":4}
[2025-05-15T13:37:08.334Z] INFO: Moviment guardat per la partida 1747316227390
[2025-05-15T13:37:08.516Z] INFO: Missatge rebut: {"x":-1,"y":5}
[2025-05-15T13:37:08.517Z] INFO: Moviment guardat per la partida 1747316227390
[2025-05-15T13:37:08.677Z] INFO: Missatge rebut: {"x":-1,"y":6}
[2025-05-15T13:37:08.679Z] INFO: Moviment guardat per la partida 1747316227390
[2025-05-15T13:37:08.869Z] INFO: Missatge rebut: {"x":-1,"y":7}
[2025-05-15T13:37:08.870Z] INFO: Moviment guardat per la partida 1747316227390
[2025-05-15T13:37:09.093Z] INFO: Missatge rebut: {"x":-1,"y":8}
[2025-05-15T13:37:09.094Z] INFO: Moviment guardat per la partida 1747316227390
[2025-05-15T13:37:09.468Z] INFO: Missatge rebut: {"x":-2,"y":8}
[2025-05-15T13:37:09.469Z] INFO: Moviment guardat per la partida 1747316227390
[2025-05-15T13:37:09.957Z] INFO: Missatge rebut: {"x":-2,"y":7}
[2025-05-15T13:37:09.958Z] INFO: Moviment guardat per la partida 1747316227390
[2025-05-15T13:37:10.101Z] INFO: Missatge rebut: {"x":-3,"y":7}
[2025-05-15T13:37:10.102Z] INFO: Moviment guardat per la partida 1747316227390
[2025-05-15T13:37:20.549Z] INFO: Partida 1747316227390 finalitzada per inactivitat
[2025-05-15T13:37:40.989Z] INFO: Missatge rebut: {"x":-3,"y":8}
[2025-05-15T13:37:40.989Z] INFO: Nova partida iniciada amb ID: 1747316260989
[2025-05-15T13:37:40.991Z] INFO: Moviment guardat per la partida 1747316260989
[2025-05-15T13:37:41.372Z] INFO: Missatge rebut: {"x":-3,"y":9}
[2025-05-15T13:37:41.373Z] INFO: Moviment guardat per la partida 1747316260989
[2025-05-15T13:40:40.505Z] INFO: Nou client connectat
[2025-05-15T13:40:41.786Z] INFO: Missatge rebut: {"x":0,"y":1}
[2025-05-15T13:40:41.786Z] INFO: Nova partida iniciada amb ID: 1747316441786
[2025-05-15T13:40:41.787Z] INFO: Moviment guardat per la partida 1747316441786
[2025-05-15T13:40:42.632Z] INFO: Missatge rebut: {"x":0,"y":2}
[2025-05-15T13:40:42.633Z] INFO: Moviment guardat per la partida 1747316441786
[2025-05-15T13:40:53.586Z] INFO: Partida 1747316441786 finalitzada per inactivitat
[2025-05-15T13:42:45.360Z] INFO: Nou client connectat
[2025-05-15T13:42:46.657Z] INFO: Missatge rebut: {"x":0,"y":1}
[2025-05-15T13:42:46.658Z] INFO: Nova partida iniciada amb ID: 1747316566658
[2025-05-15T13:42:46.659Z] INFO: Moviment guardat per la partida 1747316566658
[2025-05-15T13:42:46.920Z] INFO: Missatge rebut: {"x":0,"y":2}
[2025-05-15T13:42:46.921Z] INFO: Moviment guardat per la partida 1747316566658
[2025-05-15T13:42:57.438Z] INFO: Partida 1747316566658 finalitzada per inactivitat
[2025-05-15T13:44:20.861Z] INFO: Nou client connectat
[2025-05-15T13:44:22.985Z] INFO: Missatge rebut: {"x":0,"y":1}
[2025-05-15T13:44:22.985Z] INFO: Nova partida iniciada amb ID: 1747316662985
[2025-05-15T13:44:22.986Z] INFO: Moviment guardat per la partida 1747316662985
[2025-05-15T13:44:23.535Z] INFO: Missatge rebut: {"x":-1,"y":1}
[2025-05-15T13:44:23.536Z] INFO: Moviment guardat per la partida 1747316662985
[2025-05-15T13:44:23.934Z] INFO: Missatge rebut: {"x":-1,"y":0}
[2025-05-15T13:44:23.936Z] INFO: Moviment guardat per la partida 1747316662985
[2025-05-15T13:44:33.940Z] INFO: Partida 1747316662985 finalitzada per inactivitat
[2025-05-15T13:46:05.346Z] INFO: Nou client connectat
[2025-05-15T13:46:06.646Z] INFO: Missatge rebut: {"x":0,"y":1}
[2025-05-15T13:46:06.646Z] INFO: Nova partida iniciada amb ID: 1747316766646
[2025-05-15T13:46:06.647Z] INFO: Moviment guardat per la partida 1747316766646
[2025-05-15T13:46:17.453Z] INFO: Partida 1747316766646 finalitzada per inactivitat
[2025-05-15T13:51:03.770Z] INFO: Nou client connectat
[2025-05-15T13:51:04.978Z] INFO: Missatge rebut: {"x":0,"y":1}
[2025-05-15T13:51:04.978Z] INFO: Nova partida iniciada amb ID: 1747317064978
[2025-05-15T13:51:04.979Z] INFO: Moviment guardat per la partida 1747317064978
[2025-05-15T13:51:15.854Z] INFO: Partida 1747317064978 finalitzada per inactivitat
[2025-05-15T13:53:21.550Z] INFO: Conectat a MongoDB
[2025-05-15T13:53:21.551Z] INFO: Servidor WebSocket escoltant al port 8080
[2025-05-15T13:53:24.095Z] INFO: Nou client connectat
[2025-05-15T13:53:25.576Z] INFO: Missatge rebut: {"x":0,"y":1}
[2025-05-15T13:53:25.576Z] INFO: Nova partida iniciada amb ID: 1747317205576
[2025-05-15T13:53:25.580Z] INFO: Moviment guardat per la partida 1747317205576
[2025-05-15T13:53:26.255Z] INFO: Missatge rebut: {"x":-1,"y":1}
[2025-05-15T13:53:26.257Z] INFO: Moviment guardat per la partida 1747317205576
[2025-05-15T13:53:26.559Z] INFO: Missatge rebut: {"x":-1,"y":0}
[2025-05-15T13:53:26.561Z] INFO: Moviment guardat per la partida 1747317205576
[2025-05-15T13:53:37.168Z] INFO: Partida 1747317205576 finalitzada per inactivitat
[2025-05-15T13:55:21.810Z] INFO: Conectat a MongoDB
[2025-05-15T13:55:21.812Z] INFO: Servidor WebSocket escoltant al port 8080
[2025-05-15T13:55:23.967Z] INFO: Nou client connectat
[2025-05-15T13:55:27.911Z] INFO: Missatge rebut: {"x":0,"y":1}
[2025-05-15T13:55:27.911Z] INFO: Nova partida iniciada amb ID: 1747317327911
[2025-05-15T13:55:27.914Z] INFO: Moviment guardat per la partida 1747317327911
[2025-05-15T13:55:28.470Z] INFO: Missatge rebut: {"x":-1,"y":1}
[2025-05-15T13:55:28.472Z] INFO: Moviment guardat per la partida 1747317327911
[2025-05-15T13:55:28.518Z] INFO: Missatge rebut: {"x":-1,"y":0}
[2025-05-15T13:55:28.519Z] INFO: Moviment guardat per la partida 1747317327911
[2025-05-15T13:55:28.638Z] INFO: Missatge rebut: {"x":0,"y":0}
[2025-05-15T13:55:28.640Z] INFO: Moviment guardat per la partida 1747317327911
[2025-05-15T13:55:28.973Z] INFO: Ping enviat al client
[2025-05-15T13:55:33.976Z] INFO: Ping enviat al client
[2025-05-15T13:55:38.982Z] INFO: Ping enviat al client
[2025-05-15T13:55:39.120Z] INFO: Partida 1747317327911 finalitzada per inactivitat
[2025-05-15T13:56:55.811Z] INFO: Nou client connectat
[2025-05-15T13:56:57.342Z] INFO: Missatge rebut: {"x":0,"y":1}
[2025-05-15T13:56:57.342Z] INFO: Nova partida iniciada amb ID: 1747317417342
[2025-05-15T13:56:57.343Z] INFO: Moviment guardat per la partida 1747317417342
[2025-05-15T13:56:58.077Z] INFO: Missatge rebut: {"x":-1,"y":1}
[2025-05-15T13:56:58.079Z] INFO: Moviment guardat per la partida 1747317417342
[2025-05-15T13:56:58.365Z] INFO: Missatge rebut: {"x":-1,"y":0}
[2025-05-15T13:56:58.366Z] INFO: Moviment guardat per la partida 1747317417342
[2025-05-15T13:57:00.815Z] INFO: Ping enviat al client
[2025-05-15T13:57:05.825Z] INFO: Ping enviat al client
[2025-05-15T13:57:08.902Z] INFO: Partida 1747317417342 finalitzada per inactivitat
[2025-05-15T14:08:04.589Z] INFO: Conectat a MongoDB
[2025-05-15T14:08:04.591Z] INFO: Servidor WebSocket escoltant al port 8080
[2025-05-15T14:08:06.340Z] INFO: Nou client connectat
[2025-05-15T14:08:08.262Z] INFO: Missatge rebut: {"x":0,"y":1}
[2025-05-15T14:08:08.262Z] INFO: Nova partida iniciada amb ID: 1747318088262
[2025-05-15T14:08:08.265Z] INFO: Moviment guardat per la partida 1747318088262
[2025-05-15T14:08:08.540Z] INFO: Missatge rebut: {"x":-1,"y":1}
[2025-05-15T14:08:08.542Z] INFO: Moviment guardat per la partida 1747318088262
[2025-05-15T14:08:09.388Z] INFO: Missatge rebut: {"x":-1,"y":0}
[2025-05-15T14:08:09.390Z] INFO: Moviment guardat per la partida 1747318088262
[2025-05-15T14:08:11.354Z] INFO: Ping enviat al client
[2025-05-15T14:08:16.360Z] INFO: Ping enviat al client
[2025-05-15T14:08:19.426Z] INFO: Partida 1747318088262 finalitzada per inactivitat
[2025-05-15T14:08:21.365Z] INFO: Ping enviat al client
[2025-05-15T14:08:26.369Z] INFO: Ping enviat al client
[2025-05-15T14:10:03.946Z] INFO: Conectat a MongoDB
[2025-05-15T14:10:03.948Z] INFO: Servidor WebSocket escoltant al port 8080
[2025-05-15T14:10:06.348Z] INFO: Nou client connectat
[2025-05-15T14:10:07.909Z] INFO: Missatge rebut: {"x":0,"y":1}
[2025-05-15T14:10:07.909Z] INFO: Nova partida iniciada amb ID: 1747318207909
[2025-05-15T14:10:07.912Z] INFO: Moviment guardat per la partida 1747318207909
[2025-05-15T14:10:08.595Z] INFO: Missatge rebut: {"x":-1,"y":1}
[2025-05-15T14:10:08.597Z] INFO: Moviment guardat per la partida 1747318207909
[2025-05-15T14:10:11.353Z] INFO: Ping enviat al client
[2025-05-15T14:10:16.355Z] INFO: Ping enviat al client
[2025-05-15T14:10:19.432Z] INFO: Partida 1747318207909 finalitzada per inactivitat
[2025-05-15T14:10:21.363Z] INFO: Ping enviat al client
[2025-05-15T14:10:26.366Z] INFO: Ping enviat al client
[2025-05-15T14:10:31.372Z] INFO: Ping enviat al client
[2025-05-15T14:11:44.534Z] INFO: Conectat a MongoDB
[2025-05-15T14:11:44.536Z] INFO: Servidor WebSocket escoltant al port 8080
[2025-05-15T14:11:46.576Z] INFO: Nou client connectat
[2025-05-15T14:11:48.403Z] INFO: Missatge rebut: {"x":0,"y":1}
[2025-05-15T14:11:48.403Z] INFO: Nova partida iniciada amb ID: 1747318308403
[2025-05-15T14:11:48.406Z] INFO: Moviment guardat per la partida 1747318308403
[2025-05-15T14:11:48.593Z] INFO: Missatge rebut: {"x":-1,"y":1}
[2025-05-15T14:11:48.594Z] INFO: Moviment guardat per la partida 1747318308403
[2025-05-15T14:11:48.786Z] INFO: Missatge rebut: {"x":-1,"y":0}
[2025-05-15T14:11:48.788Z] INFO: Moviment guardat per la partida 1747318308403
[2025-05-15T14:11:51.577Z] INFO: Ping enviat al client
[2025-05-15T14:11:56.589Z] INFO: Ping enviat al client
[2025-05-15T14:11:59.636Z] INFO: Partida 1747318308403 finalitzada per inactivitat
[2025-05-15T14:12:01.600Z] INFO: Ping enviat al client
[2025-05-15T14:19:16.006Z] INFO: Conectat a MongoDB
[2025-05-15T14:19:16.008Z] INFO: Servidor WebSocket escoltant al port 8080
[2025-05-15T14:19:17.571Z] INFO: Nou client connectat
[2025-05-15T14:19:18.332Z] INFO: Missatge rebut: {"x":0,"y":1}
[2025-05-15T14:19:18.332Z] INFO: Nova partida iniciada amb ID: 1747318758332
[2025-05-15T14:19:18.335Z] INFO: Moviment guardat per la partida 1747318758332
[2025-05-15T14:19:18.651Z] INFO: Missatge rebut: {"x":-1,"y":1}
[2025-05-15T14:19:18.653Z] INFO: Moviment guardat per la partida 1747318758332
[2025-05-15T14:19:22.581Z] INFO: Ping enviat al client
[2025-05-15T14:19:27.594Z] INFO: Ping enviat al client
[2025-05-15T14:19:29.645Z] INFO: Partida 1747318758332 finalitzada per inactivitat
[2025-05-15T14:19:32.608Z] INFO: Ping enviat al client
[2025-05-15T15:07:52.251Z] INFO: Conectat a MongoDB
[2025-05-15T15:07:52.253Z] INFO: Servidor WebSocket escoltant al port 8080
[2025-05-15T15:08:04.480Z] INFO: Nou client connectat
[2025-05-15T15:08:06.452Z] INFO: Missatge rebut: {"x":0,"y":1}
[2025-05-15T15:08:06.500Z] INFO: Nova partida iniciada amb ID: 1747321686453
[2025-05-15T15:08:06.514Z] INFO: Moviment guardat per la partida 1747321686453
[2025-05-15T15:08:06.720Z] INFO: Missatge rebut: {"x":-1,"y":1}
[2025-05-15T15:08:06.727Z] INFO: Moviment guardat per la partida 1747321686453
[2025-05-15T15:08:09.491Z] INFO: Ping enviat al client
[2025-05-15T15:08:14.491Z] INFO: Ping enviat al client
[2025-05-15T15:08:17.596Z] INFO: Partida 1747321686453 finalitzada per inactivitat
[2025-05-15T15:08:19.507Z] INFO: Ping enviat al client
[2025-05-15T15:08:24.513Z] INFO: Ping enviat al client
[2025-05-15T15:08:29.513Z] INFO: Ping enviat al client
[2025-05-15T15:08:34.529Z] INFO: Ping enviat al client
[2025-05-15T15:16:35.905Z] INFO: Conectat a MongoDB
[2025-05-15T15:16:35.907Z] INFO: Servidor WebSocket escoltant al port 8080
[2025-05-15T15:16:38.845Z] INFO: Nou client connectat
[2025-05-15T15:16:41.966Z] INFO: Missatge rebut: {"x":0,"y":1}
[2025-05-15T15:16:41.967Z] INFO: Nova partida iniciada amb ID: 1747322201967
[2025-05-15T15:16:41.980Z] INFO: Moviment guardat per la partida 1747322201967
[2025-05-15T15:16:42.250Z] INFO: Missatge rebut: {"x":-1,"y":1}
[2025-05-15T15:16:42.252Z] INFO: Moviment guardat per la partida 1747322201967
[2025-05-15T15:16:43.107Z] INFO: Missatge rebut: {"x":-1,"y":0}
[2025-05-15T15:16:43.111Z] INFO: Moviment guardat per la partida 1747322201967
[2025-05-15T15:16:43.851Z] INFO: Ping enviat al client
[2025-05-15T15:16:48.857Z] INFO: Ping enviat al client
[2025-05-15T15:16:53.872Z] INFO: Ping enviat al client
[2025-05-15T15:16:53.969Z] INFO: Partida 1747322201967 finalitzada per inactivitat
[2025-05-15T15:16:58.877Z] INFO: Ping enviat al client
[2025-05-15T15:17:03.891Z] INFO: Ping enviat al client
[2025-05-15T15:17:08.896Z] INFO: Ping enviat al client
[2025-05-15T15:17:13.898Z] INFO: Ping enviat al client
[2025-05-15T15:18:05.386Z] INFO: Conectat a MongoDB
[2025-05-15T15:18:05.388Z] INFO: Servidor WebSocket escoltant al port 8080
[2025-05-15T15:18:09.035Z] INFO: Nou client connectat
[2025-05-15T15:18:11.252Z] INFO: Missatge rebut: {"x":0,"y":1}
[2025-05-15T15:18:11.253Z] INFO: Nova partida iniciada amb ID: 1747322291253
[2025-05-15T15:18:11.268Z] INFO: Moviment guardat per la partida 1747322291253
[2025-05-15T15:18:11.468Z] INFO: Missatge rebut: {"x":-1,"y":1}
[2025-05-15T15:18:11.473Z] INFO: Moviment guardat per la partida 1747322291253
[2025-05-15T15:18:14.042Z] INFO: Ping enviat al client
[2025-05-15T15:18:19.041Z] INFO: Ping enviat al client
[2025-05-15T15:18:22.141Z] INFO: Partida 1747322291253 finalitzada per inactivitat
[2025-05-15T15:18:24.049Z] INFO: Ping enviat al client
[2025-05-15T15:18:29.059Z] INFO: Ping enviat al client
[2025-05-15T15:18:34.064Z] INFO: Ping enviat al client
[2025-05-15T15:18:39.073Z] INFO: Ping enviat al client
[2025-05-15T15:18:44.091Z] INFO: Ping enviat al client
[2025-05-15T15:21:42.613Z] INFO: Conectat a MongoDB
[2025-05-15T15:21:42.616Z] INFO: Servidor WebSocket escoltant al port 8080
[2025-05-15T15:21:45.992Z] INFO: Nou client connectat
[2025-05-15T15:21:51.002Z] INFO: Ping enviat al client
[2025-05-15T15:21:51.415Z] INFO: Missatge rebut: {"x":0,"y":1}
[2025-05-15T15:21:51.417Z] INFO: Nova partida iniciada amb ID: 1747322511417
[2025-05-15T15:21:51.434Z] INFO: Moviment guardat per la partida 1747322511417
[2025-05-15T15:21:51.819Z] INFO: Missatge rebut: {"x":-1,"y":1}
[2025-05-15T15:21:51.823Z] INFO: Moviment guardat per la partida 1747322511417
[2025-05-15T15:21:52.040Z] INFO: Missatge rebut: {"x":-1,"y":0}
[2025-05-15T15:21:52.047Z] INFO: Moviment guardat per la partida 1747322511417
[2025-05-15T15:21:56.006Z] INFO: Ping enviat al client
[2025-05-15T15:22:01.010Z] INFO: Ping enviat al client
[2025-05-15T15:22:02.099Z] INFO: Partida 1747322511417 finalitzada per inactivitat
[2025-05-15T15:22:06.017Z] INFO: Ping enviat al client
[2025-05-15T15:22:11.023Z] INFO: Ping enviat al client
[2025-05-15T15:22:16.031Z] INFO: Ping enviat al client
[2025-05-15T15:22:21.030Z] INFO: Ping enviat al client
[2025-05-15T15:22:26.033Z] INFO: Ping enviat al client
[2025-05-15T15:22:31.038Z] INFO: Ping enviat al client
[2025-05-15T15:22:36.041Z] INFO: Ping enviat al client
[2025-05-15T15:23:56.238Z] INFO: Conectat a MongoDB
[2025-05-15T15:23:56.240Z] INFO: Servidor WebSocket escoltant al port 8080
[2025-05-15T15:24:00.091Z] INFO: Nou client connectat
[2025-05-15T15:24:05.106Z] INFO: Ping enviat al client
[2025-05-15T15:24:07.778Z] INFO: Missatge rebut: {"x":0,"y":1}
[2025-05-15T15:24:07.779Z] INFO: Nova partida iniciada amb ID: 1747322647779
[2025-05-15T15:24:07.786Z] INFO: Moviment guardat per la partida 1747322647779
[2025-05-15T15:24:08.136Z] INFO: Missatge rebut: {"x":-1,"y":1}
[2025-05-15T15:24:08.144Z] INFO: Moviment guardat per la partida 1747322647779
[2025-05-15T15:24:08.942Z] INFO: Missatge rebut: {"x":-1,"y":0}
[2025-05-15T15:24:08.949Z] INFO: Moviment guardat per la partida 1747322647779
[2025-05-15T15:24:09.425Z] INFO: Missatge rebut: {"x":0,"y":0}
[2025-05-15T15:24:09.431Z] INFO: Moviment guardat per la partida 1747322647779
[2025-05-15T15:24:10.112Z] INFO: Ping enviat al client
[2025-05-15T15:24:15.119Z] INFO: Ping enviat al client
[2025-05-15T15:24:20.135Z] INFO: Ping enviat al client
[2025-05-15T15:24:20.207Z] INFO: Partida 1747322647779 finalitzada per inactivitat
[2025-05-15T15:24:25.142Z] INFO: Ping enviat al client
[2025-05-15T15:24:30.144Z] INFO: Ping enviat al client
[2025-05-15T15:24:35.158Z] INFO: Ping enviat al client
[2025-05-15T15:24:40.162Z] INFO: Ping enviat al client
[2025-05-15T15:24:45.175Z] INFO: Ping enviat al client
[2025-05-15T15:24:50.178Z] INFO: Ping enviat al client
[2025-05-15T15:24:55.184Z] INFO: Ping enviat al client
[2025-05-15T15:25:00.195Z] INFO: Ping enviat al client
[2025-05-15T15:25:05.202Z] INFO: Ping enviat al client
[2025-05-15T15:25:10.212Z] INFO: Ping enviat al client
[2025-05-15T15:25:15.222Z] INFO: Ping enviat al client
[2025-05-15T15:25:20.230Z] INFO: Ping enviat al client
[2025-05-15T15:25:25.231Z] INFO: Ping enviat al client
[2025-05-15T15:25:30.235Z] INFO: Ping enviat al client
[2025-05-15T15:25:35.243Z] INFO: Ping enviat al client
[2025-05-15T15:25:40.256Z] INFO: Ping enviat al client
[2025-05-15T15:25:45.264Z] INFO: Ping enviat al client
[2025-05-15T15:25:50.272Z] INFO: Ping enviat al client
[2025-05-15T15:25:55.280Z] INFO: Ping enviat al client
[2025-05-15T15:26:00.282Z] INFO: Ping enviat al client
[2025-05-15T15:26:05.292Z] INFO: Ping enviat al client
[2025-05-15T15:26:10.297Z] INFO: Ping enviat al client
[2025-05-15T15:26:15.300Z] INFO: Ping enviat al client
[2025-05-15T15:26:20.308Z] INFO: Ping enviat al client
[2025-05-15T15:26:25.313Z] INFO: Ping enviat al client
[2025-05-15T15:26:30.327Z] INFO: Ping enviat al client
[2025-05-15T15:26:35.341Z] INFO: Ping enviat al client
[2025-05-15T15:26:40.350Z] INFO: Ping enviat al client
[2025-05-15T15:26:45.355Z] INFO: Ping enviat al client
[2025-05-15T15:26:50.359Z] INFO: Ping enviat al client
[2025-05-15T15:26:55.364Z] INFO: Ping enviat al client
[2025-05-15T15:27:00.365Z] INFO: Ping enviat al client
[2025-05-15T15:27:05.375Z] INFO: Ping enviat al client
[2025-05-15T15:27:10.376Z] INFO: Ping enviat al client
[2025-05-15T15:27:15.384Z] INFO: Ping enviat al client
[2025-05-15T15:27:20.393Z] INFO: Ping enviat al client
[2025-05-15T15:27:25.401Z] INFO: Ping enviat al client
[2025-05-15T15:27:30.416Z] INFO: Ping enviat al client
[2025-05-15T15:27:35.429Z] INFO: Ping enviat al client
[2025-05-15T15:27:40.438Z] INFO: Ping enviat al client
[2025-05-15T15:27:45.439Z] INFO: Ping enviat al client
[2025-05-15T15:27:50.452Z] INFO: Ping enviat al client
[2025-05-15T15:27:55.465Z] INFO: Ping enviat al client
[2025-05-15T15:28:00.474Z] INFO: Ping enviat al client
[2025-05-15T15:28:05.483Z] INFO: Ping enviat al client
[2025-05-15T15:28:10.496Z] INFO: Ping enviat al client
[2025-05-15T15:28:15.500Z] INFO: Ping enviat al client
[2025-05-15T15:28:20.516Z] INFO: Ping enviat al client
[2025-05-15T15:28:25.520Z] INFO: Ping enviat al client
[2025-05-15T15:28:30.520Z] INFO: Ping enviat al client
[2025-05-15T15:28:35.530Z] INFO: Ping enviat al client
[2025-05-15T15:28:40.532Z] INFO: Ping enviat al client
[2025-05-15T15:28:45.532Z] INFO: Ping enviat al client
[2025-05-15T15:28:50.536Z] INFO: Ping enviat al client
[2025-05-15T15:28:55.544Z] INFO: Ping enviat al client
[2025-05-15T15:29:00.543Z] INFO: Ping enviat al client
[2025-05-15T15:29:05.546Z] INFO: Ping enviat al client
[2025-05-15T15:29:10.552Z] INFO: Ping enviat al client
[2025-05-15T15:29:15.556Z] INFO: Ping enviat al client
[2025-05-15T15:29:20.566Z] INFO: Ping enviat al client
[2025-05-15T15:29:25.576Z] INFO: Ping enviat al client
[2025-05-15T15:29:30.581Z] INFO: Ping enviat al client
[2025-05-15T15:29:35.591Z] INFO: Ping enviat al client
[2025-05-15T15:29:40.591Z] INFO: Ping enviat al client
[2025-05-15T15:29:45.593Z] INFO: Ping enviat al client
[2025-05-15T15:29:50.603Z] INFO: Ping enviat al client
[2025-05-15T15:29:55.617Z] INFO: Ping enviat al client
[2025-05-15T15:30:00.625Z] INFO: Ping enviat al client
[2025-05-15T15:30:05.636Z] INFO: Ping enviat al client
[2025-05-15T15:30:10.646Z] INFO: Ping enviat al client
[2025-05-15T15:30:15.651Z] INFO: Ping enviat al client
[2025-05-15T15:30:20.663Z] INFO: Ping enviat al client
[2025-05-15T15:30:25.670Z] INFO: Ping enviat al client
[2025-05-15T15:30:30.682Z] INFO: Ping enviat al client
[2025-05-15T15:30:35.683Z] INFO: Ping enviat al client
[2025-05-15T15:30:40.695Z] INFO: Ping enviat al client
[2025-05-15T15:30:45.702Z] INFO: Ping enviat al client
[2025-05-15T15:30:50.710Z] INFO: Ping enviat al client
[2025-05-15T15:30:55.710Z] INFO: Ping enviat al client
[2025-05-15T15:31:00.722Z] INFO: Ping enviat al client
[2025-05-15T15:31:05.725Z] INFO: Ping enviat al client
[2025-05-15T15:31:10.726Z] INFO: Ping enviat al client
[2025-05-15T15:31:15.731Z] INFO: Ping enviat al client
[2025-05-15T15:31:20.736Z] INFO: Ping enviat al client
[2025-05-15T15:31:25.743Z] INFO: Ping enviat al client
[2025-05-15T15:31:30.750Z] INFO: Ping enviat al client
[2025-05-15T15:31:35.755Z] INFO: Ping enviat al client
[2025-05-15T15:31:40.757Z] INFO: Ping enviat al client
[2025-05-15T15:31:45.772Z] INFO: Ping enviat al client
[2025-05-15T15:31:50.784Z] INFO: Ping enviat al client
[2025-05-15T15:31:55.788Z] INFO: Ping enviat al client
[2025-05-15T15:32:13.381Z] INFO: Conectat a MongoDB
[2025-05-15T15:32:13.383Z] INFO: Servidor WebSocket escoltant al port 8080
[2025-05-15T15:32:16.858Z] INFO: Nou client connectat
[2025-05-15T15:32:17.348Z] INFO: Missatge rebut: {"x":0,"y":1}
[2025-05-15T15:32:17.348Z] INFO: Nova partida iniciada amb ID: 1747323137348
[2025-05-15T15:32:17.355Z] INFO: Moviment guardat per la partida 1747323137348
[2025-05-15T15:32:17.702Z] INFO: Missatge rebut: {"x":-1,"y":1}
[2025-05-15T15:32:17.708Z] INFO: Moviment guardat per la partida 1747323137348
[2025-05-15T15:40:14.885Z] INFO: Conectat a MongoDB
[2025-05-15T15:40:14.887Z] INFO: Servidor WebSocket escoltant al port 8080
[2025-05-15T15:40:19.494Z] INFO: Nou client connectat
[2025-05-15T15:40:21.268Z] INFO: Missatge rebut: {"x":0,"y":1}
[2025-05-15T15:40:21.270Z] INFO: Nova partida iniciada amb ID: 1747323621270
[2025-05-15T15:40:21.287Z] INFO: Moviment guardat per la partida 1747323621270
[2025-05-15T15:40:21.609Z] INFO: Missatge rebut: {"x":-1,"y":1}
[2025-05-15T15:40:21.615Z] INFO: Moviment guardat per la partida 1747323621270
[2025-05-15T15:40:21.827Z] INFO: Missatge rebut: {"x":-1,"y":0}
[2025-05-15T15:40:21.834Z] INFO: Moviment guardat per la partida 1747323621270
[2025-05-15T15:40:24.503Z] INFO: Ping enviat al client
[2025-05-15T15:40:29.508Z] INFO: Ping enviat al client
[2025-05-15T15:40:32.545Z] INFO: Partida 1747323621270 finalitzada per inactivitat
[2025-05-15T15:40:34.513Z] INFO: Ping enviat al client
[2025-05-15T15:40:39.517Z] INFO: Ping enviat al client
[2025-05-15T15:44:46.111Z] INFO: Conectat a MongoDB
[2025-05-15T15:44:46.115Z] INFO: Servidor WebSocket escoltant al port 8080
[2025-05-15T15:44:47.584Z] INFO: Nou client connectat
[2025-05-15T15:44:49.299Z] INFO: Missatge rebut: {"x":0,"y":1}
[2025-05-15T15:44:49.300Z] INFO: Nova partida iniciada amb ID: 1747323889300
[2025-05-15T15:44:49.312Z] INFO: Moviment guardat per la partida 1747323889300
[2025-05-15T15:44:49.717Z] INFO: Missatge rebut: {"x":-1,"y":1}
[2025-05-15T15:44:49.723Z] INFO: Moviment guardat per la partida 1747323889300
[2025-05-15T15:44:50.146Z] INFO: Missatge rebut: {"x":-1,"y":0}
[2025-05-15T15:44:50.152Z] INFO: Moviment guardat per la partida 1747323889300
[2025-05-15T15:44:52.588Z] INFO: Ping enviat al client
[2025-05-15T15:44:57.587Z] INFO: Ping enviat al client
[2025-05-15T15:45:00.664Z] INFO: Partida 1747323889300 finalitzada per inactivitat
[2025-05-15T15:45:02.601Z] INFO: Ping enviat al client
[2025-05-15T15:45:07.613Z] INFO: Ping enviat al client
[2025-05-15T15:46:59.908Z] INFO: Conectat a MongoDB
[2025-05-15T15:46:59.910Z] INFO: Servidor WebSocket escoltant al port 8080
[2025-05-15T15:47:03.602Z] INFO: Nou client connectat
[2025-05-15T15:47:04.999Z] INFO: Missatge rebut: {"x":0,"y":1}
[2025-05-15T15:47:05.001Z] INFO: Nova partida iniciada amb ID: 1747324025001
[2025-05-15T15:47:05.018Z] INFO: Moviment guardat per la partida 1747324025001
[2025-05-15T15:47:05.528Z] INFO: Missatge rebut: {"x":-1,"y":1}
[2025-05-15T15:47:05.533Z] INFO: Moviment guardat per la partida 1747324025001
[2025-05-15T15:47:07.464Z] INFO: Missatge rebut: {"x":-2,"y":1}
[2025-05-15T15:47:07.471Z] INFO: Moviment guardat per la partida 1747324025001
[2025-05-15T15:47:08.614Z] INFO: Ping enviat al client
[2025-05-15T15:47:13.623Z] INFO: Ping enviat al client
[2025-05-15T15:47:17.722Z] INFO: Partida 1747324025001 finalitzada per inactivitat
[2025-05-15T15:47:18.634Z] INFO: Ping enviat al client
[2025-05-15T15:52:28.927Z] INFO: Conectat a MongoDB
[2025-05-15T15:52:28.929Z] INFO: Servidor WebSocket escoltant al port 8080
[2025-05-15T15:52:33.878Z] INFO: Nou client connectat
[2025-05-15T15:52:35.314Z] INFO: Missatge rebut: {"x":0,"y":1}
[2025-05-15T15:52:35.316Z] INFO: Nova partida iniciada amb ID: 1747324355315
[2025-05-15T15:52:35.332Z] INFO: Moviment guardat per la partida 1747324355315
[2025-05-15T15:52:35.592Z] INFO: Missatge rebut: {"x":-1,"y":1}
[2025-05-15T15:52:35.597Z] INFO: Moviment guardat per la partida 1747324355315
[2025-05-15T15:52:35.938Z] INFO: Missatge rebut: {"x":-1,"y":0}
[2025-05-15T15:52:35.944Z] INFO: Moviment guardat per la partida 1747324355315
[2025-05-15T15:52:38.891Z] INFO: Ping enviat al client
[2025-05-15T15:52:43.895Z] INFO: Ping enviat al client
[2025-05-15T15:52:45.980Z] INFO: Partida 1747324355315 finalitzada per inactivitat
[2025-05-15T15:53:17.621Z] INFO: Conectat a MongoDB
[2025-05-15T15:53:17.625Z] INFO: Servidor WebSocket escoltant al port 8080
[2025-05-15T15:53:24.188Z] INFO: Nou client connectat
[2025-05-15T15:53:25.925Z] INFO: Missatge rebut: {"x":0,"y":1}
[2025-05-15T15:53:25.926Z] INFO: Nova partida iniciada amb ID: 1747324405926
[2025-05-15T15:53:25.941Z] INFO: Moviment guardat per la partida 1747324405926
[2025-05-15T15:53:26.154Z] INFO: Missatge rebut: {"x":-1,"y":1}
[2025-05-15T15:53:26.159Z] INFO: Moviment guardat per la partida 1747324405926
[2025-05-15T15:53:29.204Z] INFO: Ping enviat al client
[2025-05-15T15:53:34.216Z] INFO: Ping enviat al client
[2025-05-15T15:53:36.267Z] INFO: Partida 1747324405926 finalitzada per inactivitat
[2025-05-15T15:59:37.682Z] INFO: Conectat a MongoDB
[2025-05-15T15:59:37.684Z] INFO: Servidor WebSocket escoltant al port 8080
[2025-05-15T15:59:42.695Z] INFO: Nou client connectat
[2025-05-15T15:59:47.712Z] INFO: Ping enviat al client
[2025-05-15T15:59:52.303Z] INFO: Missatge rebut: {"x":0,"y":1}
[2025-05-15T15:59:52.305Z] INFO: Nova partida iniciada amb ID: 1747324792304
[2025-05-15T15:59:52.319Z] INFO: Moviment guardat per la partida 1747324792304
[2025-05-15T15:59:52.716Z] INFO: Ping enviat al client
[2025-05-15T15:59:57.718Z] INFO: Ping enviat al client
[2025-05-15T16:00:02.724Z] INFO: Ping enviat al client
[2025-05-15T16:00:02.849Z] INFO: Partida 1747324792304 finalitzada per inactivitat
[2025-05-15T16:00:02.869Z] INFO: Distància total per la partida 1747324792304: 0.00
[2025-05-15T16:00:41.166Z] INFO: Conectat a MongoDB
[2025-05-15T16:00:41.168Z] INFO: Servidor WebSocket escoltant al port 8080
[2025-05-15T16:00:45.185Z] INFO: Nou client connectat
[2025-05-15T16:00:46.937Z] INFO: Missatge rebut: {"x":0,"y":1}
[2025-05-15T16:00:46.938Z] INFO: Nova partida iniciada amb ID: 1747324846938
[2025-05-15T16:00:46.944Z] INFO: Moviment guardat per la partida 1747324846938
[2025-05-15T16:00:47.287Z] INFO: Missatge rebut: {"x":-1,"y":1}
[2025-05-15T16:00:47.293Z] INFO: Moviment guardat per la partida 1747324846938
[2025-05-15T16:00:47.576Z] INFO: Missatge rebut: {"x":-1,"y":0}
[2025-05-15T16:00:47.582Z] INFO: Moviment guardat per la partida 1747324846938
[2025-05-15T16:00:50.197Z] INFO: Ping enviat al client
[2025-05-15T16:00:55.203Z] INFO: Ping enviat al client
[2025-05-15T16:00:58.306Z] INFO: Partida 1747324846938 finalitzada per inactivitat
[2025-05-15T16:01:00.212Z] INFO: Ping enviat al client
[2025-05-15T16:01:05.225Z] INFO: Ping enviat al client
[2025-05-15T16:01:10.226Z] INFO: Ping enviat al client
[2025-05-15T16:01:15.227Z] INFO: Ping enviat al client
[2025-05-15T16:01:20.234Z] INFO: Ping enviat al client
[2025-05-15T16:01:25.242Z] INFO: Ping enviat al client
[2025-05-15T16:01:30.255Z] INFO: Ping enviat al client
[2025-05-15T16:01:35.261Z] INFO: Ping enviat al client
[2025-05-15T16:01:40.265Z] INFO: Ping enviat al client
[2025-05-15T16:01:45.271Z] INFO: Ping enviat al client
[2025-05-15T16:01:52.394Z] INFO: Conectat a MongoDB
[2025-05-15T16:01:52.395Z] INFO: Servidor WebSocket escoltant al port 8080
[2025-05-15T16:01:56.785Z] INFO: Nou client connectat
[2025-05-15T16:01:58.350Z] INFO: Missatge rebut: {"x":0,"y":1}
[2025-05-15T16:01:58.351Z] INFO: Nova partida iniciada amb ID: 1747324918351
[2025-05-15T16:01:58.371Z] INFO: Moviment guardat per la partida 1747324918351
[2025-05-15T16:01:58.652Z] INFO: Missatge rebut: {"x":-1,"y":1}
[2025-05-15T16:01:58.657Z] INFO: Moviment guardat per la partida 1747324918351
[2025-05-15T16:02:01.796Z] INFO: Ping enviat al client
[2025-05-15T16:02:06.800Z] INFO: Ping enviat al client
[2025-05-15T16:02:08.890Z] INFO: Partida 1747324918351 finalitzada per inactivitat
