[2025-05-15T09:51:28.249Z] INFO: Connectat a MongoDB
[2025-05-15T09:51:28.251Z] INFO: Llegint el fitxer XML...
[2025-05-15T09:51:28.251Z] ERROR: Error: ENOENT: no such file or directory, open 'C:\Users\orirr\Desktop\DAM2\MP06\UF3\DAM-M06-UF03-Punt-Partida-NodeJS\exemple-mongodb\src\data\stackexchange.xml'
[2025-05-15T09:51:28.254Z] INFO: Connexió a MongoDB tancada.
[2025-05-15T09:58:22.836Z] INFO: Connectat a MongoDB
[2025-05-15T09:58:22.838Z] INFO: Llegint el fitxer XML...
[2025-05-15T09:58:22.838Z] ERROR: Error: ENOENT: no such file or directory, open 'C:\Users\orirr\Desktop\DAM2\MP06\UF3\DAM-M06-UF03-Punt-Partida-NodeJS\exemple-mongodb\src\data\stackexchange.xml'
[2025-05-15T09:58:22.840Z] INFO: Connexió a MongoDB tancada.
[2025-05-15T09:59:17.934Z] INFO: Connectat a MongoDB
[2025-05-15T09:59:17.935Z] INFO: Llegint el fitxer XML...
[2025-05-15T09:59:17.956Z] INFO: Processant les dades...
[2025-05-15T09:59:17.956Z] ERROR: Error: Cannot read properties of undefined (reading 'row')
[2025-05-15T09:59:17.958Z] INFO: Connexió a MongoDB tancada.
[2025-05-15T10:14:08.564Z] INFO: Connectat a MongoDB
[2025-05-15T10:14:08.565Z] INFO: Llegint el fitxer XML...
[2025-05-15T10:14:09.397Z] INFO: Processant les dades...
[2025-05-15T10:14:09.398Z] ERROR: Error: Cannot read properties of undefined (reading 'row')
[2025-05-15T10:14:09.400Z] INFO: Connexió a MongoDB tancada.
[2025-05-15T10:23:37.386Z] INFO: Connectat a MongoDB
[2025-05-15T10:23:37.388Z] INFO: Llegint el fitxer XML...
[2025-05-15T10:23:44.477Z] INFO: Processant les dades...
[2025-05-15T10:23:47.712Z] INFO: Inserint dades a MongoDB...
[2025-05-15T10:23:48.577Z] INFO: 10000 documents inserits correctament.
[2025-05-15T10:23:48.588Z] INFO: Connexió a MongoDB tancada.
